here() starts at /Users/katiito/Library/CloudStorage/Dropbox/Work/HIV_clustermodelling/cdrbpm
Using random seed: 1781616883 
Loading data...
  Note: G has 50000 simulations, D has 26828 (filtering G to match D)
  Loaded 204229 D rows, 231057 G rows across 26828 simulations
  Random sample size: 54525 ( 30 % of 181750 eligible)
Running interventions (8 strategies)...
  [1/8] Distance-size (size=5, D=0.005)... done (1955 units)
  [2/8] Distance-size (size=2, D=0.005)... done (10281 units)
  [3/8] Growth-rate (size=5, W=6mo, D=0.01)... done (98 units)
  [4/8] Growth-rate (size=2, W=6mo, D=0.01)... done (5550 units)
  [5/8] Random allocation (30% coverage, n=54525)... done (54525 units)
  [6/8] RITA (window=6mo)... done (19189 units)
  [7/8] Network degree (threshold=4, window=6mo)... done (134461 units)
  [8/8] RITA+Secondary (window=6mo, lookback=6mo)... done (18862 units)
All interventions completed in 1182.6 seconds


Outputs saved to: /Users/katiito/Library/CloudStorage/Dropbox/Work/HIV_clustermodelling/cdrbpm/intervention-results 
  - summary_20260616_145432.csv (aggregated metrics)
  - counts_20260616_145432.csv (units and contacts per strategy)
  - details_*_20260616_145432.csv (per-simulation/unit details)
  - parameters_20260616_145432.csv (run parameters for reproducibility)


|        |Strategy                   |Subnetwork | Contacts| Total_PUTA| IDA/contact| Median_PUTA| Low_PUTA| High_PUTA| Total_PIA| PIA/contact| Median_PIA| Low_PIA| High_PIA|
|:-------|:--------------------------|:----------|--------:|----------:|-----------:|-----------:|--------:|---------:|---------:|-----------:|----------:|-------:|--------:|
|odf_mat |Size=5,D=0.005             |small      |    92596|    3807667|          41|          35|        0|       113|       137|        0.00|          0|       0|     0.00|
|X       |Size=5,D=0.005             |large      |   113061|    3807667|          34|          28|        0|        85|       137|        0.00|          0|       0|     0.00|
|X.1     |Size=2,D=0.005             |small      |   249510|   14407451|          58|          46|        0|       177|       844|        0.00|          0|       0|     0.00|
|X.2     |Size=2,D=0.005             |large      |   249422|   14407451|          58|          46|        0|       178|       844|        0.00|          0|       0|     0.00|
|X.3     |Growth,size=5,W=6mo,D=0.01 |small      |     4606|     328726|          71|          65|       12|       185|        14|        0.00|          0|       0|     0.01|
|X.4     |Growth,size=5,W=6mo,D=0.01 |large      |     5650|     328726|          58|          53|       10|       144|        14|        0.00|          0|       0|     0.01|
|X.5     |Growth,size=2,W=6mo,D=0.01 |small      |   131029|    9487071|          72|          62|        0|       235|       538|        0.00|          0|       0|     0.00|
|X.6     |Growth,size=2,W=6mo,D=0.01 |large      |   131361|    9487071|          72|          62|        0|       237|       538|        0.00|          0|       0|     0.00|
|X.7     |Random,30%                 |-          |   597772|   48283685|          81|          39|        0|       417|      2491|        0.00|          0|       0|     0.00|
|X.8     |RITA                       |-          |   164602|   20701523|         126|         114|        0|       633|      1608|        0.01|          0|       0|     0.00|
|X.9     |Network,partners>4         |-          |  1894120|  127399594|          67|          35|        0|       239|      6903|        0.00|          0|       0|     0.00|
|X.10    |RITA+Secondary,W=6mo       |small      |   289179|   30636213|         106|          89|        0|       439|     10345|        0.04|          0|       0|     0.12|
|X.11    |RITA+Secondary,W=6mo       |large      |   224999|   30636213|         136|         116|        0|       517|     10345|        0.05|          0|       0|     0.17|

Sample sizes and totals (for context):


|Strategy                   |  Units| Contacts_Small| Contacts_Large|
|:--------------------------|------:|--------------:|--------------:|
|Size=5,D=0.005             |   1955|          92596|         113061|
|Size=2,D=0.005             |  10281|         249510|         249422|
|Growth,size=5,W=6mo,D=0.01 |     98|           4606|           5650|
|Growth,size=2,W=6mo,D=0.01 |   5550|         131029|         131361|
|Random,30%                 |  54525|         597772|         597772|
|RITA                       |  19189|         164602|         164602|
|Network,partners>4         | 134461|        1894120|        1894120|
|RITA+Secondary,W=6mo       |  18862|         289179|         224999|
  - intervention-plots/cluster_sizes_20260616_145432.png (cluster size distributions)
